286
0 1 1 0 0 199
0 2 1 0 18 199
0 3 1 0 44 199
0 4 1 0 1 199
0 5 1 0 25 199
0 6 1 0 28 199
0 7 1 0 4 199
0 8 1 0 10 199
0 9 1 0 19 199
0 11 1 0 45 199
0 12 1 0 20 199
0 13 1 0 34 199
0 14 1 0 26 199
0 18 1 0 35 199
0 19 1 0 21 199
0 20 1 0 36 199
0 21 1 0 29 199
0 22 1 0 5 199
0 23 1 0 37 199
0 25 1 0 11 199
0 26 1 0 6 199
0 28 1 0 7 199
0 33 1 0 22 199
0 40 1 0 12 199
0 41 1 0 30 199
0 44 1 0 16 199
0 45 1 0 13 199
0 46 1 0 23 199
0 50 1 0 8 199
0 53 1 0 38 199
0 54 1 0 31 199
0 55 1 0 24 199
0 56 1 0 39 199
0 61 1 0 46 199
1 0 1 0 9 199
1 1 1 0 0 199
1 3 1 0 44 199
1 5 1 0 25 199
1 7 1 0 4 199
1 8 1 0 10 199
1 11 1 0 45 199
1 13 1 0 34 199
1 14 1 0 26 199
1 15 1 0 32 199
1 17 1 0 27 199
1 26 1 0 6 199
1 27 1 0 14 199
1 28 1 0 7 199
1 30 1 0 40 199
1 32 1 0 41 199
1 33 1 0 22 199
1 35 1 0 17 199
1 39 1 0 2 199
1 40 1 0 12 199
1 45 1 0 13 199
1 47 1 0 47 199
1 48 1 0 48 199
1 50 1 0 8 199
1 52 1 0 49 199
1 57 1 0 43 199
1 58 1 0 3 199
1 59 1 0 42 199
1 60 1 0 33 199
1 61 1 0 46 199
1 62 1 0 15 199
