60
0 3 1 1 92 118
0 5 3 3 148 157
0 8 7 5 121 124
0 9 9 9 58 60
0 12 3 3 47 67
0 13 3 3 93 98
0 14 3 3 90 93
0 15 0 0 248 273
0 16 4 4 6 31
0 17 5 5 10 32
0 18 0 0 0 27
0 19 7 7 10 34
0 20 0 0 169 178
0 22 4 4 4 6
0 23 5 5 255 279
0 24 8 8 36 51
0 25 7 1 0 12
0 26 5 5 9 10
0 28 5 5 32 56
0 30 2 2 5 13
0 31 3 3 170 176
0 32 2 2 50 68
0 34 2 2 242 271
0 35 6 6 107 122
0 39 9 9 203 229
0 41 8 8 176 184
0 45 6 6 30 46
0 49 9 6 187 204
0 50 0 0 273 293
1 4 3 3 124 128
1 7 2 2 105 130
1 8 7 7 121 123
1 9 10 10 25 33
1 10 7 7 71 79
1 11 9 9 60 88
1 15 2 2 24 39
1 16 4 4 6 31
1 18 2 2 130 156
1 23 7 1 105 123
1 25 5 5 4 9
1 29 5 3 141 157
1 32 5 5 279 284
1 34 7 7 174 183
1 37 0 0 123 138
1 39 0 0 27 57
1 41 0 0 84 109
1 42 0 0 118 123
1 43 7 5 77 106
1 44 10 10 89 109
1 46 9 1 92 100
1 47 0 0 56 85
1 48 1 1 30 53
1 49 7 7 165 174
1 51 6 6 151 172
2 2 10 10 19 25
2 4 2 2 156 167
2 5 6 6 1 30
2 7 2 2 105 131
2 12 8 1 9 37
2 13 10 10 107 116
2 14 3 3 90 93
2 17 5 5 10 32
2 18 9 9 117 125
2 20 0 0 169 179
2 23 3 3 128 148
2 25 8 5 51 80
2 28 4 4 111 126
2 29 6 6 83 107
2 31 6 6 46 54
2 32 9 9 99 117
2 33 6 6 173 189
2 39 6 6 189 200
2 41 0 0 84 109
2 42 2 2 190 217
2 45 3 3 198 227
2 47 1 1 16 33
2 50 2 2 13 25
2 51 6 6 151 172
2 52 9 9 5 34
2 53 1 1 118 137
3 3 1 1 92 118
3 4 3 3 124 130
3 7 5 5 183 201
3 9 10 9 25 34
3 10 7 7 71 77
3 11 9 9 60 88
3 12 3 3 47 68
3 15 10 10 65 88
3 16 1 1 137 141
3 17 5 5 10 32
3 18 0 0 0 27
3 19 6 6 199 220
3 20 2 2 167 191
3 22 5 5 114 126
3 23 3 3 128 150
3 24 10 10 87 89
3 26 3 3 157 170
3 30 0 0 196 202
3 31 0 0 178 197
3 34 2 2 242 272
3 35 10 10 9 19
3 37 10 10 115 123
3 39 0 0 27 56
3 41 0 0 84 108
3 44 10 10 89 107
3 45 6 6 30 47
3 51 6 6 151 172
3 52 4 4 62 64
4 0 0 0 108 118
4 1 2 2 68 98
4 2 10 10 19 25
4 3 5 5 173 183
4 4 8 3 98 103
4 5 4 4 64 73
4 6 0 0 138 158
4 8 1 1 208 216
4 9 10 9 25 34
4 14 3 3 90 93
4 15 7 7 145 165
4 17 5 5 10 32
4 21 9 9 88 92
4 23 3 3 128 148
4 26 5 5 9 13
4 27 9 9 154 170
4 28 5 5 32 57
4 31 0 0 178 196
4 33 0 0 243 248
4 34 2 2 242 273
4 37 0 0 123 139
4 38 5 5 284 301
4 42 6 6 172 174
4 43 0 0 225 243
4 46 2 0 271 273
4 47 3 3 67 90
4 48 9 9 125 154
4 49 6 6 138 151
4 51 7 7 183 196
4 52 8 8 3 9
5 0 0 0 108 118
5 1 0 0 158 169
5 2 10 10 19 25
5 3 1 1 92 118
5 5 6 6 1 30
5 6 0 0 138 158
5 7 1 0 155 183
5 8 7 7 121 122
5 10 7 7 71 77
5 11 7 7 196 199
5 13 0 0 201 225
5 15 2 2 24 38
5 16 4 4 6 32
5 17 5 5 10 32
5 20 0 0 169 178
5 21 9 9 88 92
5 22 9 9 170 187
5 25 8 8 51 79
5 29 5 5 141 156
5 31 0 0 178 196
5 35 6 6 107 122
5 38 1 4 224 243
5 40 3 3 19 47
5 41 7 7 35 43
5 42 3 3 15 19
5 43 0 0 225 243
5 45 6 6 30 46
5 48 1 1 30 53
5 50 7 7 51 72
6 2 10 5 19 29
6 7 2 2 105 130
6 8 7 7 121 122
6 9 10 10 25 34
6 10 7 7 71 78
6 11 9 9 60 88
6 12 3 3 47 67
6 14 3 3 90 94
6 15 1 1 63 82
6 20 4 4 45 62
6 21 9 9 88 92
6 26 5 5 9 10
6 29 4 4 126 138
6 30 5 5 85 115
6 31 6 6 46 55
6 32 2 2 50 69
6 36 6 6 54 83
6 37 0 0 123 138
6 40 1 1 215 224
6 41 0 0 84 108
6 45 2 2 38 50
6 47 0 0 56 84
6 48 1 1 30 53
6 53 1 1 118 137
7 2 5 5 125 141
7 7 2 2 105 131
7 9 1 1 141 150
7 10 8 8 102 115
7 14 9 9 34 58
7 16 5 5 230 255
7 17 1 1 82 92
7 18 0 0 0 27
7 19 10 10 50 65
7 20 0 0 169 178
7 22 5 5 114 125
7 24 7 7 32 35
7 25 7 7 0 10
7 30 3 6 98 125
7 36 5 5 56 85
7 38 3 3 176 198
7 39 4 4 73 103
7 40 3 3 19 47
7 44 1 1 185 209
7 45 6 6 30 46
7 46 4 8 38 46
7 47 0 0 56 84
7 48 4 4 102 111
7 50 6 5 122 139
7 51 4 4 31 38
7 52 8 8 3 10
8 1 0 0 158 169
8 6 8 8 114 127
8 8 0 0 292 293
8 9 2 2 97 105
8 13 7 7 43 52
8 14 1 1 53 65
8 15 5 5 201 234
8 16 8 8 127 155
8 17 2 0 217 243
8 18 8 8 155 176
8 19 1 1 182 185
8 22 5 5 114 125
8 25 7 7 0 10
8 27 1 1 150 156
8 31 8 8 184 188
8 32 2 10 50 69
8 37 7 7 122 145
8 40 5 5 156 173
8 42 2 2 190 217
8 43 10 10 33 50
8 44 1 1 185 208
8 45 2 2 38 50
8 46 4 4 38 45
8 48 8 6 79 99
8 49 6 6 138 151
8 53 1 1 118 137